Slither.io/Temp/gradleOut/launcher/build/intermediates/manifest_merge_blame_file/debug/manifest-merger-blame-debug-report.txt
1<?xml version="1.0" encoding="utf-8"?>
2<!-- GENERATED BY UNITY. REMOVE THIS COMMENT TO PREVENT OVERWRITING WHEN EXPORTING AGAIN -->
3<manifest xmlns:android="http://schemas.android.com/apk/res/android"
4    package="com.SnowyNight.Snake"
5    android:installLocation="preferExternal"
6    android:versionCode="1"
7    android:versionName="1.0" >
8
9    <uses-sdk
10        android:minSdkVersion="19"
10-->src/main/AndroidManifest.xml
11        android:targetSdkVersion="29" />
11-->src/main/AndroidManifest.xml
12
13    <supports-screens
13-->src/main/AndroidManifest.xml:4:3-163
14        android:anyDensity="true"
14-->src/main/AndroidManifest.xml:4:135-160
15        android:largeScreens="true"
15-->src/main/AndroidManifest.xml:4:78-105
16        android:normalScreens="true"
16-->src/main/AndroidManifest.xml:4:49-77
17        android:smallScreens="true"
17-->src/main/AndroidManifest.xml:4:21-48
18        android:xlargeScreens="true" />
18-->src/main/AndroidManifest.xml:4:106-134
19
20    <uses-feature android:glEsVersion="0x00020000" />
20-->[:unityLibrary] AndroidManifest.xml:19:5-54
20-->[:unityLibrary] AndroidManifest.xml:19:19-51
21
22    <uses-permission android:name="android.permission.INTERNET" />
22-->[:unityLibrary] AndroidManifest.xml:21:5-67
22-->[:unityLibrary] AndroidManifest.xml:21:22-64
23
24    <uses-feature
24-->[:unityLibrary] AndroidManifest.xml:23:5-25:36
25        android:name="android.hardware.touchscreen"
25-->[:unityLibrary] AndroidManifest.xml:24:9-52
26        android:required="false" />
26-->[:unityLibrary] AndroidManifest.xml:25:9-33
27    <uses-feature
27-->[:unityLibrary] AndroidManifest.xml:26:5-28:36
28        android:name="android.hardware.touchscreen.multitouch"
28-->[:unityLibrary] AndroidManifest.xml:27:9-63
29        android:required="false" />
29-->[:unityLibrary] AndroidManifest.xml:28:9-33
30    <uses-feature
30-->[:unityLibrary] AndroidManifest.xml:29:5-31:36
31        android:name="android.hardware.touchscreen.multitouch.distinct"
31-->[:unityLibrary] AndroidManifest.xml:30:9-72
32        android:required="false" />
32-->[:unityLibrary] AndroidManifest.xml:31:9-33
33
34    <uses-permission android:name="com.android.vending.BILLING" />
34-->[:billing-3.0.3:] AndroidManifest.xml:10:5-67
34-->[:billing-3.0.3:] AndroidManifest.xml:10:22-64
35    <uses-permission android:name="android.permission.WRITE_EXTERNAL_STORAGE" />
36    <uses-permission android:name="android.permission.READ_PHONE_STATE" />
37    <uses-permission android:name="android.permission.READ_EXTERNAL_STORAGE" />
38    <uses-permission android:name="android.permission.ACCESS_NETWORK_STATE" /> <!-- Android package visibility setting -->
38-->[com.google.android.gms:play-services-ads-lite:20.0.0] AndroidManifest.xml:24:5-79
38-->[com.google.android.gms:play-services-ads-lite:20.0.0] AndroidManifest.xml:24:22-76
39    <queries>
39-->[com.google.android.gms:play-services-ads-lite:20.0.0] AndroidManifest.xml:27:5-43:15
40
41        <!-- For browser content -->
42        <intent>
42-->[com.google.android.gms:play-services-ads-lite:20.0.0] AndroidManifest.xml:30:9-36:18
43            <action android:name="android.intent.action.VIEW" />
43-->[com.facebook.android:facebook-common:11.2.0] AndroidManifest.xml:40:17-69
43-->[com.facebook.android:facebook-common:11.2.0] AndroidManifest.xml:40:25-66
44
45            <category android:name="android.intent.category.BROWSABLE" />
45-->[com.facebook.android:facebook-common:11.2.0] AndroidManifest.xml:43:17-78
45-->[com.facebook.android:facebook-common:11.2.0] AndroidManifest.xml:43:27-75
46
47            <data android:scheme="https" />
47-->[com.facebook.android:facebook-common:11.2.0] AndroidManifest.xml:45:17-47:50
47-->[com.facebook.android:facebook-common:11.2.0] AndroidManifest.xml:47:21-47
48        </intent>
49        <!-- End of browser content -->
50        <!-- For CustomTabsService -->
51        <intent>
51-->[com.google.android.gms:play-services-ads-lite:20.0.0] AndroidManifest.xml:30:9-36:18
52            <action android:name="android.support.customtabs.action.CustomTabsService" />
53        </intent>
54        <!-- End of CustomTabsService -->
55    </queries>
56
57    <uses-permission android:name="android.permission.WAKE_LOCK" />
57-->[com.google.android.gms:play-services-measurement-sdk-api:18.0.0] AndroidManifest.xml:25:5-68
57-->[com.google.android.gms:play-services-measurement-sdk-api:18.0.0] AndroidManifest.xml:25:22-65
58    <uses-permission android:name="android.permission.RECEIVE_BOOT_COMPLETED" />
58-->[androidx.work:work-runtime:2.1.0] AndroidManifest.xml:27:5-81
58-->[androidx.work:work-runtime:2.1.0] AndroidManifest.xml:27:22-78
59    <uses-permission android:name="com.google.android.finsky.permission.BIND_GET_INSTALL_REFERRER_SERVICE" />
59-->[com.android.installreferrer:installreferrer:1.0] AndroidManifest.xml:9:5-110
59-->[com.android.installreferrer:installreferrer:1.0] AndroidManifest.xml:9:22-107
60
61    <application
61-->src/main/AndroidManifest.xml:5:3-154
62        android:name="androidx.multidex.MultiDexApplication"
62-->[:unityLibrary] AndroidManifest.xml:34:9-61
63        android:appComponentFactory="androidx.core.app.CoreComponentFactory"
63-->[androidx.core:core:1.3.2] AndroidManifest.xml:24:18-86
64        android:banner="@drawable/app_banner"
64-->src/main/AndroidManifest.xml:5:114-151
65        android:debuggable="true"
65-->[:unityLibrary] AndroidManifest.xml:35:9-34
66        android:extractNativeLibs="true"
66-->src/main/AndroidManifest.xml:5:16-48
67        android:icon="@mipmap/app_icon"
67-->src/main/AndroidManifest.xml:5:82-113
68        android:isGame="true"
68-->[:unityLibrary] AndroidManifest.xml:37:9-30
69        android:label="@string/app_name"
69-->src/main/AndroidManifest.xml:5:49-81
70        android:supportsRtl="true"
70-->[com.facebook.android:facebook-login:11.2.0] AndroidManifest.xml:28:18-44
71        android:theme="@android:style/Theme.NoTitleBar.Fullscreen" >
71-->[:unityLibrary] AndroidManifest.xml:39:9-67
72        <activity
72-->[:unityLibrary] AndroidManifest.xml:40:9-57:20
73            android:name="com.unity3d.player.UnityPlayerActivity"
73-->[:unityLibrary] AndroidManifest.xml:41:13-66
74            android:configChanges="mcc|mnc|locale|touchscreen|keyboard|keyboardHidden|navigation|orientation|screenLayout|uiMode|screenSize|smallestScreenSize|fontScale|layoutDirection|density"
74-->[:unityLibrary] AndroidManifest.xml:42:13-194
75            android:hardwareAccelerated="false"
75-->[:unityLibrary] AndroidManifest.xml:43:13-48
76            android:label="@string/app_name"
76-->[:unityLibrary] AndroidManifest.xml:44:13-45
77            android:launchMode="singleTask"
77-->[:unityLibrary] AndroidManifest.xml:45:13-44
78            android:screenOrientation="reverseLandscape" >
78-->[:unityLibrary] AndroidManifest.xml:46:13-57
79            <intent-filter>
79-->[:unityLibrary] AndroidManifest.xml:47:13-52:29
80                <action android:name="android.intent.action.MAIN" />
80-->[:unityLibrary] AndroidManifest.xml:48:17-69
80-->[:unityLibrary] AndroidManifest.xml:48:25-66
81
82                <category android:name="android.intent.category.LAUNCHER" />
82-->[:unityLibrary] AndroidManifest.xml:50:17-77
82-->[:unityLibrary] AndroidManifest.xml:50:27-74
83                <category android:name="android.intent.category.LEANBACK_LAUNCHER" />
83-->[:unityLibrary] AndroidManifest.xml:51:17-86
83-->[:unityLibrary] AndroidManifest.xml:51:27-83
84            </intent-filter>
85
86            <meta-data
86-->[:unityLibrary] AndroidManifest.xml:54:13-56:40
87                android:name="unityplayer.UnityActivity"
87-->[:unityLibrary] AndroidManifest.xml:55:17-57
88                android:value="true" />
88-->[:unityLibrary] AndroidManifest.xml:56:17-37
89        </activity>
90        <activity
90-->[:unityLibrary] AndroidManifest.xml:58:9-61:86
91            android:name="com.facebook.unity.FBUnityLoginActivity"
91-->[:unityLibrary] AndroidManifest.xml:59:13-67
92            android:configChanges="fontScale|keyboard|keyboardHidden|locale|mnc|mcc|navigation|orientation|screenLayout|screenSize|smallestScreenSize|uiMode|touchscreen"
92-->[:unityLibrary] AndroidManifest.xml:60:13-170
93            android:theme="@android:style/Theme.Translucent.NoTitleBar.Fullscreen" />
93-->[:unityLibrary] AndroidManifest.xml:61:13-83
94        <activity
94-->[:unityLibrary] AndroidManifest.xml:62:9-65:86
95            android:name="com.facebook.unity.FBUnityDialogsActivity"
95-->[:unityLibrary] AndroidManifest.xml:63:13-69
96            android:configChanges="fontScale|keyboard|keyboardHidden|locale|mnc|mcc|navigation|orientation|screenLayout|screenSize|smallestScreenSize|uiMode|touchscreen"
96-->[:unityLibrary] AndroidManifest.xml:64:13-170
97            android:theme="@android:style/Theme.Translucent.NoTitleBar.Fullscreen" />
97-->[:unityLibrary] AndroidManifest.xml:65:13-83
98        <activity
98-->[:unityLibrary] AndroidManifest.xml:66:9-68:39
99            android:name="com.facebook.unity.FBUnityAppLinkActivity"
99-->[:unityLibrary] AndroidManifest.xml:67:13-69
100            android:exported="true" />
100-->[:unityLibrary] AndroidManifest.xml:68:13-36
101        <activity
101-->[:unityLibrary] AndroidManifest.xml:69:9-71:39
102            android:name="com.facebook.unity.FBUnityDeepLinkingActivity"
102-->[:unityLibrary] AndroidManifest.xml:70:13-73
103            android:exported="true" />
103-->[:unityLibrary] AndroidManifest.xml:71:13-36
104        <activity android:name="com.facebook.unity.FBUnityGameRequestActivity" />
104-->[:unityLibrary] AndroidManifest.xml:72:9-82
104-->[:unityLibrary] AndroidManifest.xml:72:19-79
105        <activity android:name="com.facebook.unity.FBUnityCreateGameGroupActivity" />
105-->[:unityLibrary] AndroidManifest.xml:73:9-86
105-->[:unityLibrary] AndroidManifest.xml:73:19-83
106        <activity android:name="com.facebook.unity.FBUnityJoinGameGroupActivity" />
106-->[:unityLibrary] AndroidManifest.xml:74:9-84
106-->[:unityLibrary] AndroidManifest.xml:74:19-81
107        <activity android:name="com.facebook.unity.AppInviteDialogActivity" />
107-->[:unityLibrary] AndroidManifest.xml:75:9-79
107-->[:unityLibrary] AndroidManifest.xml:75:19-76
108
109        <meta-data
109-->[:unityLibrary] AndroidManifest.xml:77:9-79:50
110            android:name="com.facebook.sdk.ApplicationId"
110-->[:unityLibrary] AndroidManifest.xml:78:13-58
111            android:value="fb1169155816905441" />
111-->[:unityLibrary] AndroidManifest.xml:79:13-47
112
113        <provider
113-->[:unityLibrary] AndroidManifest.xml:81:9-84:39
114            android:name="com.facebook.FacebookContentProvider"
114-->[:unityLibrary] AndroidManifest.xml:82:13-64
115            android:authorities="com.facebook.app.FacebookContentProvider1169155816905441"
115-->[:unityLibrary] AndroidManifest.xml:83:13-91
116            android:exported="true" />
116-->[:unityLibrary] AndroidManifest.xml:84:13-36
117
118        <activity
118-->[:unityLibrary] AndroidManifest.xml:86:9-89:86
119            android:name="com.facebook.unity.FBUnityGamingServicesFriendFinderActivity"
119-->[:unityLibrary] AndroidManifest.xml:87:13-88
120            android:configChanges="fontScale|keyboard|keyboardHidden|locale|mnc|mcc|navigation|orientation|screenLayout|screenSize|smallestScreenSize|uiMode|touchscreen"
120-->[:unityLibrary] AndroidManifest.xml:88:13-170
121            android:theme="@android:style/Theme.Translucent.NoTitleBar.Fullscreen" />
121-->[:unityLibrary] AndroidManifest.xml:89:13-83
122
123        <meta-data
123-->[:unityLibrary] AndroidManifest.xml:91:9-93:36
124            android:name="com.facebook.sdk.AutoLogAppEventsEnabled"
124-->[:unityLibrary] AndroidManifest.xml:92:13-68
125            android:value="true" />
125-->[:unityLibrary] AndroidManifest.xml:93:13-33
126        <meta-data
126-->[:unityLibrary] AndroidManifest.xml:94:9-96:36
127            android:name="com.facebook.sdk.AdvertiserIDCollectionEnabled"
127-->[:unityLibrary] AndroidManifest.xml:95:13-74
128            android:value="true" />
128-->[:unityLibrary] AndroidManifest.xml:96:13-33
129        <meta-data
129-->[:unityLibrary] AndroidManifest.xml:97:9-99:33
130            android:name="unity.splash-mode"
130-->[:unityLibrary] AndroidManifest.xml:98:13-45
131            android:value="0" />
131-->[:unityLibrary] AndroidManifest.xml:99:13-30
132        <meta-data
132-->[:unityLibrary] AndroidManifest.xml:100:9-102:36
133            android:name="unity.splash-enable"
133-->[:unityLibrary] AndroidManifest.xml:101:13-47
134            android:value="True" />
134-->[:unityLibrary] AndroidManifest.xml:102:13-33
135        <meta-data
135-->[:unityLibrary] AndroidManifest.xml:103:9-105:68
136            android:name="unity.build-id"
136-->[:unityLibrary] AndroidManifest.xml:104:13-42
137            android:value="c8ef59f7-bad6-4e6e-af93-84cd85666e85" />
137-->[:unityLibrary] AndroidManifest.xml:105:13-65
138
139        <activity
139-->[com.facebook.android:facebook-common:11.2.0] AndroidManifest.xml:30:9-33:66
140            android:name="com.facebook.FacebookActivity"
140-->[com.facebook.android:facebook-common:11.2.0] AndroidManifest.xml:31:13-57
141            android:configChanges="keyboard|keyboardHidden|screenLayout|screenSize|orientation"
141-->[com.facebook.android:facebook-common:11.2.0] AndroidManifest.xml:32:13-96
142            android:theme="@style/com_facebook_activity_theme" />
142-->[com.facebook.android:facebook-common:11.2.0] AndroidManifest.xml:33:13-63
143        <activity android:name="com.facebook.CustomTabMainActivity" />
143-->[com.facebook.android:facebook-common:11.2.0] AndroidManifest.xml:34:9-71
143-->[com.facebook.android:facebook-common:11.2.0] AndroidManifest.xml:34:19-68
144        <activity
144-->[com.facebook.android:facebook-common:11.2.0] AndroidManifest.xml:35:9-49:20
145            android:name="com.facebook.CustomTabActivity"
145-->[com.facebook.android:facebook-common:11.2.0] AndroidManifest.xml:36:13-58
146            android:exported="true" >
146-->[com.facebook.android:facebook-common:11.2.0] AndroidManifest.xml:37:13-36
147            <intent-filter>
147-->[com.facebook.android:facebook-common:11.2.0] AndroidManifest.xml:39:13-48:29
148                <action android:name="android.intent.action.VIEW" />
148-->[com.facebook.android:facebook-common:11.2.0] AndroidManifest.xml:40:17-69
148-->[com.facebook.android:facebook-common:11.2.0] AndroidManifest.xml:40:25-66
149
150                <category android:name="android.intent.category.DEFAULT" />
150-->[com.facebook.android:facebook-common:11.2.0] AndroidManifest.xml:42:17-76
150-->[com.facebook.android:facebook-common:11.2.0] AndroidManifest.xml:42:27-73
151                <category android:name="android.intent.category.BROWSABLE" />
151-->[com.facebook.android:facebook-common:11.2.0] AndroidManifest.xml:43:17-78
151-->[com.facebook.android:facebook-common:11.2.0] AndroidManifest.xml:43:27-75
152
153                <data
153-->[com.facebook.android:facebook-common:11.2.0] AndroidManifest.xml:45:17-47:50
154                    android:host="cct.com.SnowyNight.Snake"
154-->[com.facebook.android:facebook-common:11.2.0] AndroidManifest.xml:46:21-56
155                    android:scheme="fbconnect" />
155-->[com.facebook.android:facebook-common:11.2.0] AndroidManifest.xml:47:21-47
156            </intent-filter>
157        </activity>
158        <!--
159         The initialization ContentProvider will call FacebookSdk.sdkInitialize automatically
160         with the application context. This config is merged in with the host app's manifest,
161         but there can only be one provider with the same authority activated at any given
162         point; so if the end user has two or more different apps that use Facebook SDK, only the
163         first one will be able to use the provider. To work around this problem, we use the
164         following placeholder in the authority to identify each host application as if it was
165         a completely different provider.
166        -->
167        <provider
167-->[com.facebook.android:facebook-core:11.2.0] AndroidManifest.xml:39:9-42:40
168            android:name="com.facebook.internal.FacebookInitProvider"
168-->[com.facebook.android:facebook-core:11.2.0] AndroidManifest.xml:40:13-70
169            android:authorities="com.SnowyNight.Snake.FacebookInitProvider"
169-->[com.facebook.android:facebook-core:11.2.0] AndroidManifest.xml:41:13-72
170            android:exported="false" />
170-->[com.facebook.android:facebook-core:11.2.0] AndroidManifest.xml:42:13-37
171
172        <receiver
172-->[com.facebook.android:facebook-core:11.2.0] AndroidManifest.xml:44:9-50:20
173            android:name="com.facebook.CurrentAccessTokenExpirationBroadcastReceiver"
173-->[com.facebook.android:facebook-core:11.2.0] AndroidManifest.xml:45:13-86
174            android:exported="false" >
174-->[com.facebook.android:facebook-core:11.2.0] AndroidManifest.xml:46:13-37
175            <intent-filter>
175-->[com.facebook.android:facebook-core:11.2.0] AndroidManifest.xml:47:13-49:29
176                <action android:name="com.facebook.sdk.ACTION_CURRENT_ACCESS_TOKEN_CHANGED" />
176-->[com.facebook.android:facebook-core:11.2.0] AndroidManifest.xml:48:17-95
176-->[com.facebook.android:facebook-core:11.2.0] AndroidManifest.xml:48:25-92
177            </intent-filter>
178        </receiver>
179
180        <meta-data
180-->[:billing-3.0.3:] AndroidManifest.xml:13:9-15:37
181            android:name="com.google.android.play.billingclient.version"
181-->[:billing-3.0.3:] AndroidManifest.xml:14:13-73
182            android:value="3.0.3" />
182-->[:billing-3.0.3:] AndroidManifest.xml:15:13-34
183
184        <activity
184-->[:billing-3.0.3:] AndroidManifest.xml:17:9-21:75
185            android:name="com.android.billingclient.api.ProxyBillingActivity"
185-->[:billing-3.0.3:] AndroidManifest.xml:18:13-78
186            android:configChanges="keyboard|keyboardHidden|screenLayout|screenSize|orientation"
186-->[:billing-3.0.3:] AndroidManifest.xml:19:13-96
187            android:exported="false"
187-->[:billing-3.0.3:] AndroidManifest.xml:20:13-37
188            android:theme="@android:style/Theme.Translucent.NoTitleBar" />
188-->[:billing-3.0.3:] AndroidManifest.xml:21:13-72
189
190        <uses-library
190-->[:unityLibrary:GoogleMobileAdsPlugin.androidlib] AndroidManifest.xml:10:9-12:40
191            android:name="org.apache.http.legacy"
191-->[:unityLibrary:GoogleMobileAdsPlugin.androidlib] AndroidManifest.xml:11:13-50
192            android:required="false" />
192-->[:unityLibrary:GoogleMobileAdsPlugin.androidlib] AndroidManifest.xml:12:13-37
193
194        <meta-data
194-->[:unityLibrary:GoogleMobileAdsPlugin.androidlib] AndroidManifest.xml:14:9-16:70
195            android:name="com.google.android.gms.ads.APPLICATION_ID"
195-->[:unityLibrary:GoogleMobileAdsPlugin.androidlib] AndroidManifest.xml:15:13-69
196            android:value="ca-app-pub-2760356214805806~4460747358" />
196-->[:unityLibrary:GoogleMobileAdsPlugin.androidlib] AndroidManifest.xml:16:13-67
197        <meta-data
197-->[:unityLibrary:GoogleMobileAdsPlugin.androidlib] AndroidManifest.xml:17:9-19:36
198            android:name="com.google.android.gms.ads.DELAY_APP_MEASUREMENT_INIT"
198-->[:unityLibrary:GoogleMobileAdsPlugin.androidlib] AndroidManifest.xml:18:13-81
199            android:value="true" /> <!-- Include the AdActivity and InAppPurchaseActivity configChanges and themes. -->
199-->[:unityLibrary:GoogleMobileAdsPlugin.androidlib] AndroidManifest.xml:19:13-33
200        <activity
200-->[com.google.android.gms:play-services-ads-lite:20.0.0] AndroidManifest.xml:48:9-52:64
201            android:name="com.google.android.gms.ads.AdActivity"
201-->[com.google.android.gms:play-services-ads-lite:20.0.0] AndroidManifest.xml:49:13-65
202            android:configChanges="keyboard|keyboardHidden|orientation|screenLayout|uiMode|screenSize|smallestScreenSize"
202-->[com.google.android.gms:play-services-ads-lite:20.0.0] AndroidManifest.xml:50:13-122
203            android:exported="false"
203-->[com.google.android.gms:play-services-ads-lite:20.0.0] AndroidManifest.xml:51:13-37
204            android:theme="@android:style/Theme.Translucent" />
204-->[com.google.android.gms:play-services-ads-lite:20.0.0] AndroidManifest.xml:52:13-61
205
206        <provider
206-->[com.google.android.gms:play-services-ads-lite:20.0.0] AndroidManifest.xml:54:9-58:39
207            android:name="com.google.android.gms.ads.MobileAdsInitProvider"
207-->[com.google.android.gms:play-services-ads-lite:20.0.0] AndroidManifest.xml:55:13-76
208            android:authorities="com.SnowyNight.Snake.mobileadsinitprovider"
208-->[com.google.android.gms:play-services-ads-lite:20.0.0] AndroidManifest.xml:56:13-73
209            android:exported="false"
209-->[com.google.android.gms:play-services-ads-lite:20.0.0] AndroidManifest.xml:57:13-37
210            android:initOrder="100" />
210-->[com.google.android.gms:play-services-ads-lite:20.0.0] AndroidManifest.xml:58:13-36
211
212        <service
212-->[com.google.android.gms:play-services-ads-lite:20.0.0] AndroidManifest.xml:60:9-63:40
213            android:name="com.google.android.gms.ads.AdService"
213-->[com.google.android.gms:play-services-ads-lite:20.0.0] AndroidManifest.xml:61:13-64
214            android:enabled="true"
214-->[com.google.android.gms:play-services-ads-lite:20.0.0] AndroidManifest.xml:62:13-35
215            android:exported="false" />
215-->[com.google.android.gms:play-services-ads-lite:20.0.0] AndroidManifest.xml:63:13-37
216
217        <meta-data
217-->[com.google.android.gms:play-services-basement:17.6.0] AndroidManifest.xml:23:9-25:69
218            android:name="com.google.android.gms.version"
218-->[com.google.android.gms:play-services-basement:17.6.0] AndroidManifest.xml:24:13-58
219            android:value="@integer/google_play_services_version" />
219-->[com.google.android.gms:play-services-basement:17.6.0] AndroidManifest.xml:25:13-66
220
221        <provider
221-->[androidx.work:work-runtime:2.1.0] AndroidManifest.xml:30:9-36:35
222            android:name="androidx.work.impl.WorkManagerInitializer"
222-->[androidx.work:work-runtime:2.1.0] AndroidManifest.xml:31:13-69
223            android:authorities="com.SnowyNight.Snake.workmanager-init"
223-->[androidx.work:work-runtime:2.1.0] AndroidManifest.xml:32:13-68
224            android:directBootAware="false"
224-->[androidx.work:work-runtime:2.1.0] AndroidManifest.xml:33:13-44
225            android:exported="false"
225-->[androidx.work:work-runtime:2.1.0] AndroidManifest.xml:34:13-37
226            android:multiprocess="true" />
226-->[androidx.work:work-runtime:2.1.0] AndroidManifest.xml:35:13-40
227
228        <service
228-->[androidx.work:work-runtime:2.1.0] AndroidManifest.xml:38:9-43:35
229            android:name="androidx.work.impl.background.systemalarm.SystemAlarmService"
229-->[androidx.work:work-runtime:2.1.0] AndroidManifest.xml:39:13-88
230            android:directBootAware="false"
230-->[androidx.work:work-runtime:2.1.0] AndroidManifest.xml:40:13-44
231            android:enabled="@bool/enable_system_alarm_service_default"
231-->[androidx.work:work-runtime:2.1.0] AndroidManifest.xml:41:13-72
232            android:exported="false" />
232-->[androidx.work:work-runtime:2.1.0] AndroidManifest.xml:42:13-37
233        <service
233-->[androidx.work:work-runtime:2.1.0] AndroidManifest.xml:44:9-50:35
234            android:name="androidx.work.impl.background.systemjob.SystemJobService"
234-->[androidx.work:work-runtime:2.1.0] AndroidManifest.xml:45:13-84
235            android:directBootAware="false"
235-->[androidx.work:work-runtime:2.1.0] AndroidManifest.xml:46:13-44
236            android:enabled="@bool/enable_system_job_service_default"
236-->[androidx.work:work-runtime:2.1.0] AndroidManifest.xml:47:13-70
237            android:exported="true"
237-->[androidx.work:work-runtime:2.1.0] AndroidManifest.xml:48:13-36
238            android:permission="android.permission.BIND_JOB_SERVICE" />
238-->[androidx.work:work-runtime:2.1.0] AndroidManifest.xml:49:13-69
239
240        <receiver
240-->[androidx.work:work-runtime:2.1.0] AndroidManifest.xml:52:9-57:35
241            android:name="androidx.work.impl.utils.ForceStopRunnable$BroadcastReceiver"
241-->[androidx.work:work-runtime:2.1.0] AndroidManifest.xml:53:13-88
242            android:directBootAware="false"
242-->[androidx.work:work-runtime:2.1.0] AndroidManifest.xml:54:13-44
243            android:enabled="true"
243-->[androidx.work:work-runtime:2.1.0] AndroidManifest.xml:55:13-35
244            android:exported="false" />
244-->[androidx.work:work-runtime:2.1.0] AndroidManifest.xml:56:13-37
245        <receiver
245-->[androidx.work:work-runtime:2.1.0] AndroidManifest.xml:58:9-68:20
246            android:name="androidx.work.impl.background.systemalarm.ConstraintProxy$BatteryChargingProxy"
246-->[androidx.work:work-runtime:2.1.0] AndroidManifest.xml:59:13-106
247            android:directBootAware="false"
247-->[androidx.work:work-runtime:2.1.0] AndroidManifest.xml:60:13-44
248            android:enabled="false"
248-->[androidx.work:work-runtime:2.1.0] AndroidManifest.xml:61:13-36
249            android:exported="false" >
249-->[androidx.work:work-runtime:2.1.0] AndroidManifest.xml:62:13-37
250            <intent-filter>
250-->[androidx.work:work-runtime:2.1.0] AndroidManifest.xml:64:13-67:29
251                <action android:name="android.intent.action.ACTION_POWER_CONNECTED" />
251-->[androidx.work:work-runtime:2.1.0] AndroidManifest.xml:65:17-87
251-->[androidx.work:work-runtime:2.1.0] AndroidManifest.xml:65:25-84
252                <action android:name="android.intent.action.ACTION_POWER_DISCONNECTED" />
252-->[androidx.work:work-runtime:2.1.0] AndroidManifest.xml:66:17-90
252-->[androidx.work:work-runtime:2.1.0] AndroidManifest.xml:66:25-87
253            </intent-filter>
254        </receiver>
255        <receiver
255-->[androidx.work:work-runtime:2.1.0] AndroidManifest.xml:69:9-79:20
256            android:name="androidx.work.impl.background.systemalarm.ConstraintProxy$BatteryNotLowProxy"
256-->[androidx.work:work-runtime:2.1.0] AndroidManifest.xml:70:13-104
257            android:directBootAware="false"
257-->[androidx.work:work-runtime:2.1.0] AndroidManifest.xml:71:13-44
258            android:enabled="false"
258-->[androidx.work:work-runtime:2.1.0] AndroidManifest.xml:72:13-36
259            android:exported="false" >
259-->[androidx.work:work-runtime:2.1.0] AndroidManifest.xml:73:13-37
260            <intent-filter>
260-->[androidx.work:work-runtime:2.1.0] AndroidManifest.xml:75:13-78:29
261                <action android:name="android.intent.action.BATTERY_OKAY" />
261-->[androidx.work:work-runtime:2.1.0] AndroidManifest.xml:76:17-77
261-->[androidx.work:work-runtime:2.1.0] AndroidManifest.xml:76:25-74
262                <action android:name="android.intent.action.BATTERY_LOW" />
262-->[androidx.work:work-runtime:2.1.0] AndroidManifest.xml:77:17-76
262-->[androidx.work:work-runtime:2.1.0] AndroidManifest.xml:77:25-73
263            </intent-filter>
264        </receiver>
265        <receiver
265-->[androidx.work:work-runtime:2.1.0] AndroidManifest.xml:80:9-90:20
266            android:name="androidx.work.impl.background.systemalarm.ConstraintProxy$StorageNotLowProxy"
266-->[androidx.work:work-runtime:2.1.0] AndroidManifest.xml:81:13-104
267            android:directBootAware="false"
267-->[androidx.work:work-runtime:2.1.0] AndroidManifest.xml:82:13-44
268            android:enabled="false"
268-->[androidx.work:work-runtime:2.1.0] AndroidManifest.xml:83:13-36
269            android:exported="false" >
269-->[androidx.work:work-runtime:2.1.0] AndroidManifest.xml:84:13-37
270            <intent-filter>
270-->[androidx.work:work-runtime:2.1.0] AndroidManifest.xml:86:13-89:29
271                <action android:name="android.intent.action.DEVICE_STORAGE_LOW" />
271-->[androidx.work:work-runtime:2.1.0] AndroidManifest.xml:87:17-83
271-->[androidx.work:work-runtime:2.1.0] AndroidManifest.xml:87:25-80
272                <action android:name="android.intent.action.DEVICE_STORAGE_OK" />
272-->[androidx.work:work-runtime:2.1.0] AndroidManifest.xml:88:17-82
272-->[androidx.work:work-runtime:2.1.0] AndroidManifest.xml:88:25-79
273            </intent-filter>
274        </receiver>
275        <receiver
275-->[androidx.work:work-runtime:2.1.0] AndroidManifest.xml:91:9-100:20
276            android:name="androidx.work.impl.background.systemalarm.ConstraintProxy$NetworkStateProxy"
276-->[androidx.work:work-runtime:2.1.0] AndroidManifest.xml:92:13-103
277            android:directBootAware="false"
277-->[androidx.work:work-runtime:2.1.0] AndroidManifest.xml:93:13-44
278            android:enabled="false"
278-->[androidx.work:work-runtime:2.1.0] AndroidManifest.xml:94:13-36
279            android:exported="false" >
279-->[androidx.work:work-runtime:2.1.0] AndroidManifest.xml:95:13-37
280            <intent-filter>
280-->[androidx.work:work-runtime:2.1.0] AndroidManifest.xml:97:13-99:29
281                <action android:name="android.net.conn.CONNECTIVITY_CHANGE" />
281-->[androidx.work:work-runtime:2.1.0] AndroidManifest.xml:98:17-79
281-->[androidx.work:work-runtime:2.1.0] AndroidManifest.xml:98:25-76
282            </intent-filter>
283        </receiver>
284        <receiver
284-->[androidx.work:work-runtime:2.1.0] AndroidManifest.xml:101:9-112:20
285            android:name="androidx.work.impl.background.systemalarm.RescheduleReceiver"
285-->[androidx.work:work-runtime:2.1.0] AndroidManifest.xml:102:13-88
286            android:directBootAware="false"
286-->[androidx.work:work-runtime:2.1.0] AndroidManifest.xml:103:13-44
287            android:enabled="false"
287-->[androidx.work:work-runtime:2.1.0] AndroidManifest.xml:104:13-36
288            android:exported="false" >